<?xml version="1.0" encoding="UTF-8"?>
<testng-results skipped="0" failed="0" ignored="0" total="3" passed="3">
  <reporter-output>
  </reporter-output>
  <suite name="Suite" duration-ms="75494" started-at="2019-11-12T22:20:44 IST" finished-at="2019-11-12T22:22:00 IST">
    <groups>
    </groups>
    <test name="Test" duration-ms="75494" started-at="2019-11-12T22:20:44 IST" finished-at="2019-11-12T22:22:00 IST">
      <class name="TestCases.TC_001">
        <test-method status="PASS" signature="Testcase01()[pri:0, instance:TestCases.TC_001@627551fb]" name="Testcase01" duration-ms="22606" started-at="2019-11-12T22:21:37 IST" finished-at="2019-11-12T22:22:00 IST">
          <reporter-output>
          </reporter-output>
        </test-method> <!-- Testcase01 -->
      </class> <!-- TestCases.TC_001 -->
      <class name="TestCases.TC_3">
        <test-method status="PASS" signature="Testcase01()[pri:0, instance:TestCases.TC_3@3701eaf6]" name="Testcase01" duration-ms="23708" started-at="2019-11-12T22:21:14 IST" finished-at="2019-11-12T22:21:37 IST">
          <reporter-output>
          </reporter-output>
        </test-method> <!-- Testcase01 -->
      </class> <!-- TestCases.TC_3 -->
      <class name="TestCases.TC_2">
        <test-method status="PASS" signature="Testcase01()[pri:0, instance:TestCases.TC_2@5c5a1b69]" name="Testcase01" duration-ms="29119" started-at="2019-11-12T22:20:45 IST" finished-at="2019-11-12T22:21:14 IST">
          <reporter-output>
          </reporter-output>
        </test-method> <!-- Testcase01 -->
      </class> <!-- TestCases.TC_2 -->
    </test> <!-- Test -->
  </suite> <!-- Suite -->
</testng-results>
